<?xml version="1.0" encoding="UTF-8"?>
<testng-results skipped="0" failed="0" total="1" passed="1">
  <reporter-output>
  </reporter-output>
  <suite name="Default suite" duration-ms="30020" started-at="2014-07-03T07:28:19Z" finished-at="2014-07-03T07:28:50Z">
    <groups>
    </groups>
    <test name="Default test" duration-ms="30020" started-at="2014-07-03T07:28:19Z" finished-at="2014-07-03T07:28:50Z">
      <class name="com.player.mp3.MP3PlayerTestCase">
        <test-method status="PASS" signature="init()[pri:0, instance:com.player.mp3.MP3PlayerTestCase@7175bfc4]" name="init" is-config="true" duration-ms="4" started-at="2014-07-03T17:28:19Z" finished-at="2014-07-03T17:28:19Z">
          <reporter-output>
          </reporter-output>
        </test-method> <!-- init -->
        <test-method status="PASS" signature="testShouldStopPlayingWhenStopIsCalled()[pri:0, instance:com.player.mp3.MP3PlayerTestCase@7175bfc4]" name="testShouldStopPlayingWhenStopIsCalled" duration-ms="30005" started-at="2014-07-03T17:28:19Z" finished-at="2014-07-03T17:28:50Z">
          <reporter-output>
          </reporter-output>
        </test-method> <!-- testShouldStopPlayingWhenStopIsCalled -->
      </class> <!-- com.player.mp3.MP3PlayerTestCase -->
    </test> <!-- Default test -->
  </suite> <!-- Default suite -->
</testng-results>
